********************************************************************************
DUPLICATOR-LITE PACKAGE-LOG: September 19, 2021 3:16 pm
NOTICE: Do NOT post to public sites or forums 
********************************************************************************
VERSION:	1.4.3
WORDPRESS:	5.8.1
PHP INFO:	8.0.2 | SAPI: apache2handler
SERVER:		Apache/2.4.46 (Win64) OpenSSL/1.1.1h PHP/8.0.2 
PHP TIME LIMIT: (0) no time limit imposed 
PHP MAX MEMORY: 4294967296 (512M default) 
MEMORY STACK: 6MB
[PHP ERR][WARN] MSG:opendir(C:\xampp\htdocs\rana_seo_wordpressfile/wp-content/cache\db\options\,C:\xampp\htdocs\rana_seo_wordpressfile/wp-content/cache\db\options\): The system cannot find the file specified (code: 2) [CODE:2|FILE:C:\xampp\htdocs\rana_seo_wordpressfile\wp-content\plugins\w3-total-cache\Util_File.php|LINE:124]
do_action('wp_ajax_duplicator_package_build'), WP_Hook->do_action, WP_Hook->apply_filters, duplicator_package_build, DUP_Settings::Save, update_option, W3TC\DbCache_WpdbNew->update, W3TC\DbCache_WpdbInjection_QueryCaching->update, W3TC\DbCache_WpdbInjection_QueryCaching->_flush_cache_for_sql_group, W3TC\Cache_File->flush, W3TC\Util_File::emptydir, W3TC\Util_File::rmdir, opendir, DUP_Handler::error, DUP_Handler::getMessage
[PHP ERR][WARN] MSG:opendir(C:\xampp\htdocs\rana_seo_wordpressfile/wp-content/cache\db\options\): Failed to open directory: No such file or directory [CODE:2|FILE:C:\xampp\htdocs\rana_seo_wordpressfile\wp-content\plugins\w3-total-cache\Util_File.php|LINE:124]
do_action('wp_ajax_duplicator_package_build'), WP_Hook->do_action, WP_Hook->apply_filters, duplicator_package_build, DUP_Settings::Save, update_option, W3TC\DbCache_WpdbNew->update, W3TC\DbCache_WpdbInjection_QueryCaching->update, W3TC\DbCache_WpdbInjection_QueryCaching->_flush_cache_for_sql_group, W3TC\Cache_File->flush, W3TC\Util_File::emptydir, W3TC\Util_File::rmdir, opendir, DUP_Handler::error, DUP_Handler::getMessage
[PHP ERR][WARN] MSG:opendir(C:\xampp\htdocs\rana_seo_wordpressfile/wp-content/cache\db\options\,C:\xampp\htdocs\rana_seo_wordpressfile/wp-content/cache\db\options\): The system cannot find the file specified (code: 2) [CODE:2|FILE:C:\xampp\htdocs\rana_seo_wordpressfile\wp-content\plugins\w3-total-cache\Util_File.php|LINE:124]
do_action('wp_ajax_duplicator_package_build'), WP_Hook->do_action, WP_Hook->apply_filters, duplicator_package_build, DUP_Package->runZipBuild, DUP_Database->build, DUP_Package->setStatus, DUP_Package->update, W3TC\DbCache_WpdbNew->query, W3TC\DbCache_WpdbInjection_QueryCaching->query, W3TC\DbCache_WpdbInjection_QueryCaching->_flush_cache_for_sql_group, W3TC\Cache_File->flush, W3TC\Util_File::emptydir, W3TC\Util_File::rmdir, opendir, DUP_Handler::error, DUP_Handler::getMessage
[PHP ERR][WARN] MSG:opendir(C:\xampp\htdocs\rana_seo_wordpressfile/wp-content/cache\db\options\): Failed to open directory: No such file or directory [CODE:2|FILE:C:\xampp\htdocs\rana_seo_wordpressfile\wp-content\plugins\w3-total-cache\Util_File.php|LINE:124]
do_action('wp_ajax_duplicator_package_build'), WP_Hook->do_action, WP_Hook->apply_filters, duplicator_package_build, DUP_Package->runZipBuild, DUP_Database->build, DUP_Package->setStatus, DUP_Package->update, W3TC\DbCache_WpdbNew->query, W3TC\DbCache_WpdbInjection_QueryCaching->query, W3TC\DbCache_WpdbInjection_QueryCaching->_flush_cache_for_sql_group, W3TC\Cache_File->flush, W3TC\Util_File::emptydir, W3TC\Util_File::rmdir, opendir, DUP_Handler::error, DUP_Handler::getMessage
[PHP ERR][WARN] MSG:opendir(C:\xampp\htdocs\rana_seo_wordpressfile/wp-content/cache\db\comments\,C:\xampp\htdocs\rana_seo_wordpressfile/wp-content/cache\db\comments\): The system cannot find the file specified (code: 2) [CODE:2|FILE:C:\xampp\htdocs\rana_seo_wordpressfile\wp-content\plugins\w3-total-cache\Util_File.php|LINE:124]
do_action('wp_ajax_duplicator_package_build'), WP_Hook->do_action, WP_Hook->apply_filters, duplicator_package_build, DUP_Package->runZipBuild, DUP_Database->build, DUP_Package->setStatus, DUP_Package->update, W3TC\DbCache_WpdbNew->query, W3TC\DbCache_WpdbInjection_QueryCaching->query, W3TC\DbCache_WpdbInjection_QueryCaching->_flush_cache_for_sql_group, W3TC\Cache_File->flush, W3TC\Util_File::emptydir, W3TC\Util_File::rmdir, opendir, DUP_Handler::error, DUP_Handler::getMessage
[PHP ERR][WARN] MSG:opendir(C:\xampp\htdocs\rana_seo_wordpressfile/wp-content/cache\db\comments\): Failed to open directory: No such file or directory [CODE:2|FILE:C:\xampp\htdocs\rana_seo_wordpressfile\wp-content\plugins\w3-total-cache\Util_File.php|LINE:124]
do_action('wp_ajax_duplicator_package_build'), WP_Hook->do_action, WP_Hook->apply_filters, duplicator_package_build, DUP_Package->runZipBuild, DUP_Database->build, DUP_Package->setStatus, DUP_Package->update, W3TC\DbCache_WpdbNew->query, W3TC\DbCache_WpdbInjection_QueryCaching->query, W3TC\DbCache_WpdbInjection_QueryCaching->_flush_cache_for_sql_group, W3TC\Cache_File->flush, W3TC\Util_File::emptydir, W3TC\Util_File::rmdir, opendir, DUP_Handler::error, DUP_Handler::getMessage

********************************************************************************
DATABASE:
********************************************************************************
BUILD MODE:   MYSQLDUMP
MYSQLTIMEOUT: 5000
MYSQLDUMP:    Is Supported
SQL CREATED: 20210919_airi_06c1c14670eb0e8c1286_20210919151630_database.sql
SQL FILE SIZE: 9.85MB (10328224)
SQL FILE TIME: 2021-09-19 15:16:57
SQL RUNTIME: 3.06 sec.
[PHP ERR][WARN] MSG:opendir(C:\xampp\htdocs\rana_seo_wordpressfile/wp-content/cache\db\options\,C:\xampp\htdocs\rana_seo_wordpressfile/wp-content/cache\db\options\): The system cannot find the file specified (code: 2) [CODE:2|FILE:C:\xampp\htdocs\rana_seo_wordpressfile\wp-content\plugins\w3-total-cache\Util_File.php|LINE:124]
do_action('wp_ajax_duplicator_package_build'), WP_Hook->do_action, WP_Hook->apply_filters, duplicator_package_build, DUP_Package->runZipBuild, DUP_Database->build, DUP_Package->setStatus, DUP_Package->update, W3TC\DbCache_WpdbNew->query, W3TC\DbCache_WpdbInjection_QueryCaching->query, W3TC\DbCache_WpdbInjection_QueryCaching->_flush_cache_for_sql_group, W3TC\Cache_File->flush, W3TC\Util_File::emptydir, W3TC\Util_File::rmdir, opendir, DUP_Handler::error, DUP_Handler::getMessage
[PHP ERR][WARN] MSG:opendir(C:\xampp\htdocs\rana_seo_wordpressfile/wp-content/cache\db\options\): Failed to open directory: No such file or directory [CODE:2|FILE:C:\xampp\htdocs\rana_seo_wordpressfile\wp-content\plugins\w3-total-cache\Util_File.php|LINE:124]
do_action('wp_ajax_duplicator_package_build'), WP_Hook->do_action, WP_Hook->apply_filters, duplicator_package_build, DUP_Package->runZipBuild, DUP_Database->build, DUP_Package->setStatus, DUP_Package->update, W3TC\DbCache_WpdbNew->query, W3TC\DbCache_WpdbInjection_QueryCaching->query, W3TC\DbCache_WpdbInjection_QueryCaching->_flush_cache_for_sql_group, W3TC\Cache_File->flush, W3TC\Util_File::emptydir, W3TC\Util_File::rmdir, opendir, DUP_Handler::error, DUP_Handler::getMessage
[PHP ERR][WARN] MSG:opendir(C:\xampp\htdocs\rana_seo_wordpressfile/wp-content/cache\db\comments\,C:\xampp\htdocs\rana_seo_wordpressfile/wp-content/cache\db\comments\): The system cannot find the file specified (code: 2) [CODE:2|FILE:C:\xampp\htdocs\rana_seo_wordpressfile\wp-content\plugins\w3-total-cache\Util_File.php|LINE:124]
do_action('wp_ajax_duplicator_package_build'), WP_Hook->do_action, WP_Hook->apply_filters, duplicator_package_build, DUP_Package->runZipBuild, DUP_Database->build, DUP_Package->setStatus, DUP_Package->update, W3TC\DbCache_WpdbNew->query, W3TC\DbCache_WpdbInjection_QueryCaching->query, W3TC\DbCache_WpdbInjection_QueryCaching->_flush_cache_for_sql_group, W3TC\Cache_File->flush, W3TC\Util_File::emptydir, W3TC\Util_File::rmdir, opendir, DUP_Handler::error, DUP_Handler::getMessage
[PHP ERR][WARN] MSG:opendir(C:\xampp\htdocs\rana_seo_wordpressfile/wp-content/cache\db\comments\): Failed to open directory: No such file or directory [CODE:2|FILE:C:\xampp\htdocs\rana_seo_wordpressfile\wp-content\plugins\w3-total-cache\Util_File.php|LINE:124]
do_action('wp_ajax_duplicator_package_build'), WP_Hook->do_action, WP_Hook->apply_filters, duplicator_package_build, DUP_Package->runZipBuild, DUP_Database->build, DUP_Package->setStatus, DUP_Package->update, W3TC\DbCache_WpdbNew->query, W3TC\DbCache_WpdbInjection_QueryCaching->query, W3TC\DbCache_WpdbInjection_QueryCaching->_flush_cache_for_sql_group, W3TC\Cache_File->flush, W3TC\Util_File::emptydir, W3TC\Util_File::rmdir, opendir, DUP_Handler::error, DUP_Handler::getMessage

********************************************************************************
ARCHIVE (ZIP):
********************************************************************************
ARCHIVE DIR:  C:/xampp/htdocs/rana_seo_wordpressfile
ARCHIVE FILE: 20210919_airi_06c1c14670eb0e8c1286_20210919151630_archive.zip
FILTERS: *OFF*
DIRS:
	not set
FILES:
	not set
EXTS:  not set
----------------------------------------
COMPRESSING
SIZE:	128.39MB
STATS:	Dirs 2,016 | Files 7,314
SQL ADDED: 20210919_airi_06c1c14670eb0e8c1286_20210919151630_database.sql
[PHP ERR][WARN] MSG:opendir(C:\xampp\htdocs\rana_seo_wordpressfile/wp-content/cache\db\options\,C:\xampp\htdocs\rana_seo_wordpressfile/wp-content/cache\db\options\): The system cannot find the file specified (code: 2) [CODE:2|FILE:C:\xampp\htdocs\rana_seo_wordpressfile\wp-content\plugins\w3-total-cache\Util_File.php|LINE:124]
do_action('wp_ajax_duplicator_package_build'), WP_Hook->do_action, WP_Hook->apply_filters, duplicator_package_build, DUP_Package->runZipBuild, DUP_Archive->build, DUP_Zip::create, DUP_Package->update, W3TC\DbCache_WpdbNew->query, W3TC\DbCache_WpdbInjection_QueryCaching->query, W3TC\DbCache_WpdbInjection_QueryCaching->_flush_cache_for_sql_group, W3TC\Cache_File->flush, W3TC\Util_File::emptydir, W3TC\Util_File::rmdir, opendir, DUP_Handler::error, DUP_Handler::getMessage
[PHP ERR][WARN] MSG:opendir(C:\xampp\htdocs\rana_seo_wordpressfile/wp-content/cache\db\options\): Failed to open directory: No such file or directory [CODE:2|FILE:C:\xampp\htdocs\rana_seo_wordpressfile\wp-content\plugins\w3-total-cache\Util_File.php|LINE:124]
do_action('wp_ajax_duplicator_package_build'), WP_Hook->do_action, WP_Hook->apply_filters, duplicator_package_build, DUP_Package->runZipBuild, DUP_Archive->build, DUP_Zip::create, DUP_Package->update, W3TC\DbCache_WpdbNew->query, W3TC\DbCache_WpdbInjection_QueryCaching->query, W3TC\DbCache_WpdbInjection_QueryCaching->_flush_cache_for_sql_group, W3TC\Cache_File->flush, W3TC\Util_File::emptydir, W3TC\Util_File::rmdir, opendir, DUP_Handler::error, DUP_Handler::getMessage
[PHP ERR][WARN] MSG:opendir(C:\xampp\htdocs\rana_seo_wordpressfile/wp-content/cache\db\comments\,C:\xampp\htdocs\rana_seo_wordpressfile/wp-content/cache\db\comments\): The system cannot find the file specified (code: 2) [CODE:2|FILE:C:\xampp\htdocs\rana_seo_wordpressfile\wp-content\plugins\w3-total-cache\Util_File.php|LINE:124]
do_action('wp_ajax_duplicator_package_build'), WP_Hook->do_action, WP_Hook->apply_filters, duplicator_package_build, DUP_Package->runZipBuild, DUP_Archive->build, DUP_Zip::create, DUP_Package->update, W3TC\DbCache_WpdbNew->query, W3TC\DbCache_WpdbInjection_QueryCaching->query, W3TC\DbCache_WpdbInjection_QueryCaching->_flush_cache_for_sql_group, W3TC\Cache_File->flush, W3TC\Util_File::emptydir, W3TC\Util_File::rmdir, opendir, DUP_Handler::error, DUP_Handler::getMessage
[PHP ERR][WARN] MSG:opendir(C:\xampp\htdocs\rana_seo_wordpressfile/wp-content/cache\db\comments\): Failed to open directory: No such file or directory [CODE:2|FILE:C:\xampp\htdocs\rana_seo_wordpressfile\wp-content\plugins\w3-total-cache\Util_File.php|LINE:124]
do_action('wp_ajax_duplicator_package_build'), WP_Hook->do_action, WP_Hook->apply_filters, duplicator_package_build, DUP_Package->runZipBuild, DUP_Archive->build, DUP_Zip::create, DUP_Package->update, W3TC\DbCache_WpdbNew->query, W3TC\DbCache_WpdbInjection_QueryCaching->query, W3TC\DbCache_WpdbInjection_QueryCaching->_flush_cache_for_sql_group, W3TC\Cache_File->flush, W3TC\Util_File::emptydir, W3TC\Util_File::rmdir, opendir, DUP_Handler::error, DUP_Handler::getMessage
[PHP ERR][WARN] MSG:opendir(C:\xampp\htdocs\rana_seo_wordpressfile/wp-content/cache\db\options\,C:\xampp\htdocs\rana_seo_wordpressfile/wp-content/cache\db\options\): The system cannot find the file specified (code: 2) [CODE:2|FILE:C:\xampp\htdocs\rana_seo_wordpressfile\wp-content\plugins\w3-total-cache\Util_File.php|LINE:124]
do_action('wp_ajax_duplicator_package_build'), WP_Hook->do_action, WP_Hook->apply_filters, duplicator_package_build, DUP_Package->runZipBuild, DUP_Archive->build, DUP_Zip::create, DUP_Package->update, W3TC\DbCache_WpdbNew->query, W3TC\DbCache_WpdbInjection_QueryCaching->query, W3TC\DbCache_WpdbInjection_QueryCaching->_flush_cache_for_sql_group, W3TC\Cache_File->flush, W3TC\Util_File::emptydir, W3TC\Util_File::rmdir, opendir, DUP_Handler::error, DUP_Handler::getMessage
[PHP ERR][WARN] MSG:opendir(C:\xampp\htdocs\rana_seo_wordpressfile/wp-content/cache\db\options\): Failed to open directory: No such file or directory [CODE:2|FILE:C:\xampp\htdocs\rana_seo_wordpressfile\wp-content\plugins\w3-total-cache\Util_File.php|LINE:124]
do_action('wp_ajax_duplicator_package_build'), WP_Hook->do_action, WP_Hook->apply_filters, duplicator_package_build, DUP_Package->runZipBuild, DUP_Archive->build, DUP_Zip::create, DUP_Package->update, W3TC\DbCache_WpdbNew->query, W3TC\DbCache_WpdbInjection_QueryCaching->query, W3TC\DbCache_WpdbInjection_QueryCaching->_flush_cache_for_sql_group, W3TC\Cache_File->flush, W3TC\Util_File::emptydir, W3TC\Util_File::rmdir, opendir, DUP_Handler::error, DUP_Handler::getMessage
[PHP ERR][WARN] MSG:opendir(C:\xampp\htdocs\rana_seo_wordpressfile/wp-content/cache\db\comments\,C:\xampp\htdocs\rana_seo_wordpressfile/wp-content/cache\db\comments\): The system cannot find the file specified (code: 2) [CODE:2|FILE:C:\xampp\htdocs\rana_seo_wordpressfile\wp-content\plugins\w3-total-cache\Util_File.php|LINE:124]
do_action('wp_ajax_duplicator_package_build'), WP_Hook->do_action, WP_Hook->apply_filters, duplicator_package_build, DUP_Package->runZipBuild, DUP_Archive->build, DUP_Zip::create, DUP_Package->update, W3TC\DbCache_WpdbNew->query, W3TC\DbCache_WpdbInjection_QueryCaching->query, W3TC\DbCache_WpdbInjection_QueryCaching->_flush_cache_for_sql_group, W3TC\Cache_File->flush, W3TC\Util_File::emptydir, W3TC\Util_File::rmdir, opendir, DUP_Handler::error, DUP_Handler::getMessage
[PHP ERR][WARN] MSG:opendir(C:\xampp\htdocs\rana_seo_wordpressfile/wp-content/cache\db\comments\): Failed to open directory: No such file or directory [CODE:2|FILE:C:\xampp\htdocs\rana_seo_wordpressfile\wp-content\plugins\w3-total-cache\Util_File.php|LINE:124]
do_action('wp_ajax_duplicator_package_build'), WP_Hook->do_action, WP_Hook->apply_filters, duplicator_package_build, DUP_Package->runZipBuild, DUP_Archive->build, DUP_Zip::create, DUP_Package->update, W3TC\DbCache_WpdbNew->query, W3TC\DbCache_WpdbInjection_QueryCaching->query, W3TC\DbCache_WpdbInjection_QueryCaching->_flush_cache_for_sql_group, W3TC\Cache_File->flush, W3TC\Util_File::emptydir, W3TC\Util_File::rmdir, opendir, DUP_Handler::error, DUP_Handler::getMessage
[PHP ERR][WARN] MSG:opendir(C:\xampp\htdocs\rana_seo_wordpressfile/wp-content/cache\db\options\,C:\xampp\htdocs\rana_seo_wordpressfile/wp-content/cache\db\options\): The system cannot find the file specified (code: 2) [CODE:2|FILE:C:\xampp\htdocs\rana_seo_wordpressfile\wp-content\plugins\w3-total-cache\Util_File.php|LINE:124]
do_action('wp_ajax_duplicator_package_build'), WP_Hook->do_action, WP_Hook->apply_filters, duplicator_package_build, DUP_Package->runZipBuild, DUP_Archive->build, DUP_Zip::create, DUP_Package->update, W3TC\DbCache_WpdbNew->query, W3TC\DbCache_WpdbInjection_QueryCaching->query, W3TC\DbCache_WpdbInjection_QueryCaching->_flush_cache_for_sql_group, W3TC\Cache_File->flush, W3TC\Util_File::emptydir, W3TC\Util_File::rmdir, opendir, DUP_Handler::error, DUP_Handler::getMessage
[PHP ERR][WARN] MSG:opendir(C:\xampp\htdocs\rana_seo_wordpressfile/wp-content/cache\db\options\): Failed to open directory: No such file or directory [CODE:2|FILE:C:\xampp\htdocs\rana_seo_wordpressfile\wp-content\plugins\w3-total-cache\Util_File.php|LINE:124]
do_action('wp_ajax_duplicator_package_build'), WP_Hook->do_action, WP_Hook->apply_filters, duplicator_package_build, DUP_Package->runZipBuild, DUP_Archive->build, DUP_Zip::create, DUP_Package->update, W3TC\DbCache_WpdbNew->query, W3TC\DbCache_WpdbInjection_QueryCaching->query, W3TC\DbCache_WpdbInjection_QueryCaching->_flush_cache_for_sql_group, W3TC\Cache_File->flush, W3TC\Util_File::emptydir, W3TC\Util_File::rmdir, opendir, DUP_Handler::error, DUP_Handler::getMessage
[PHP ERR][WARN] MSG:opendir(C:\xampp\htdocs\rana_seo_wordpressfile/wp-content/cache\db\comments\,C:\xampp\htdocs\rana_seo_wordpressfile/wp-content/cache\db\comments\): The system cannot find the file specified (code: 2) [CODE:2|FILE:C:\xampp\htdocs\rana_seo_wordpressfile\wp-content\plugins\w3-total-cache\Util_File.php|LINE:124]
do_action('wp_ajax_duplicator_package_build'), WP_Hook->do_action, WP_Hook->apply_filters, duplicator_package_build, DUP_Package->runZipBuild, DUP_Archive->build, DUP_Zip::create, DUP_Package->update, W3TC\DbCache_WpdbNew->query, W3TC\DbCache_WpdbInjection_QueryCaching->query, W3TC\DbCache_WpdbInjection_QueryCaching->_flush_cache_for_sql_group, W3TC\Cache_File->flush, W3TC\Util_File::emptydir, W3TC\Util_File::rmdir, opendir, DUP_Handler::error, DUP_Handler::getMessage
[PHP ERR][WARN] MSG:opendir(C:\xampp\htdocs\rana_seo_wordpressfile/wp-content/cache\db\comments\): Failed to open directory: No such file or directory [CODE:2|FILE:C:\xampp\htdocs\rana_seo_wordpressfile\wp-content\plugins\w3-total-cache\Util_File.php|LINE:124]
do_action('wp_ajax_duplicator_package_build'), WP_Hook->do_action, WP_Hook->apply_filters, duplicator_package_build, DUP_Package->runZipBuild, DUP_Archive->build, DUP_Zip::create, DUP_Package->update, W3TC\DbCache_WpdbNew->query, W3TC\DbCache_WpdbInjection_QueryCaching->query, W3TC\DbCache_WpdbInjection_QueryCaching->_flush_cache_for_sql_group, W3TC\Cache_File->flush, W3TC\Util_File::emptydir, W3TC\Util_File::rmdir, opendir, DUP_Handler::error, DUP_Handler::getMessage
[PHP ERR][WARN] MSG:opendir(C:\xampp\htdocs\rana_seo_wordpressfile/wp-content/cache\db\options\,C:\xampp\htdocs\rana_seo_wordpressfile/wp-content/cache\db\options\): The system cannot find the file specified (code: 2) [CODE:2|FILE:C:\xampp\htdocs\rana_seo_wordpressfile\wp-content\plugins\w3-total-cache\Util_File.php|LINE:124]
do_action('wp_ajax_duplicator_package_build'), WP_Hook->do_action, WP_Hook->apply_filters, duplicator_package_build, DUP_Package->runZipBuild, DUP_Archive->build, DUP_Zip::create, DUP_Package->update, W3TC\DbCache_WpdbNew->query, W3TC\DbCache_WpdbInjection_QueryCaching->query, W3TC\DbCache_WpdbInjection_QueryCaching->_flush_cache_for_sql_group, W3TC\Cache_File->flush, W3TC\Util_File::emptydir, W3TC\Util_File::rmdir, opendir, DUP_Handler::error, DUP_Handler::getMessage
[PHP ERR][WARN] MSG:opendir(C:\xampp\htdocs\rana_seo_wordpressfile/wp-content/cache\db\options\): Failed to open directory: No such file or directory [CODE:2|FILE:C:\xampp\htdocs\rana_seo_wordpressfile\wp-content\plugins\w3-total-cache\Util_File.php|LINE:124]
do_action('wp_ajax_duplicator_package_build'), WP_Hook->do_action, WP_Hook->apply_filters, duplicator_package_build, DUP_Package->runZipBuild, DUP_Archive->build, DUP_Zip::create, DUP_Package->update, W3TC\DbCache_WpdbNew->query, W3TC\DbCache_WpdbInjection_QueryCaching->query, W3TC\DbCache_WpdbInjection_QueryCaching->_flush_cache_for_sql_group, W3TC\Cache_File->flush, W3TC\Util_File::emptydir, W3TC\Util_File::rmdir, opendir, DUP_Handler::error, DUP_Handler::getMessage
[PHP ERR][WARN] MSG:opendir(C:\xampp\htdocs\rana_seo_wordpressfile/wp-content/cache\db\comments\,C:\xampp\htdocs\rana_seo_wordpressfile/wp-content/cache\db\comments\): The system cannot find the file specified (code: 2) [CODE:2|FILE:C:\xampp\htdocs\rana_seo_wordpressfile\wp-content\plugins\w3-total-cache\Util_File.php|LINE:124]
do_action('wp_ajax_duplicator_package_build'), WP_Hook->do_action, WP_Hook->apply_filters, duplicator_package_build, DUP_Package->runZipBuild, DUP_Archive->build, DUP_Zip::create, DUP_Package->update, W3TC\DbCache_WpdbNew->query, W3TC\DbCache_WpdbInjection_QueryCaching->query, W3TC\DbCache_WpdbInjection_QueryCaching->_flush_cache_for_sql_group, W3TC\Cache_File->flush, W3TC\Util_File::emptydir, W3TC\Util_File::rmdir, opendir, DUP_Handler::error, DUP_Handler::getMessage
[PHP ERR][WARN] MSG:opendir(C:\xampp\htdocs\rana_seo_wordpressfile/wp-content/cache\db\comments\): Failed to open directory: No such file or directory [CODE:2|FILE:C:\xampp\htdocs\rana_seo_wordpressfile\wp-content\plugins\w3-total-cache\Util_File.php|LINE:124]
do_action('wp_ajax_duplicator_package_build'), WP_Hook->do_action, WP_Hook->apply_filters, duplicator_package_build, DUP_Package->runZipBuild, DUP_Archive->build, DUP_Zip::create, DUP_Package->update, W3TC\DbCache_WpdbNew->query, W3TC\DbCache_WpdbInjection_QueryCaching->query, W3TC\DbCache_WpdbInjection_QueryCaching->_flush_cache_for_sql_group, W3TC\Cache_File->flush, W3TC\Util_File::emptydir, W3TC\Util_File::rmdir, opendir, DUP_Handler::error, DUP_Handler::getMessage
[PHP ERR][WARN] MSG:opendir(C:\xampp\htdocs\rana_seo_wordpressfile/wp-content/cache\db\options\,C:\xampp\htdocs\rana_seo_wordpressfile/wp-content/cache\db\options\): The system cannot find the file specified (code: 2) [CODE:2|FILE:C:\xampp\htdocs\rana_seo_wordpressfile\wp-content\plugins\w3-total-cache\Util_File.php|LINE:124]
do_action('wp_ajax_duplicator_package_build'), WP_Hook->do_action, WP_Hook->apply_filters, duplicator_package_build, DUP_Package->runZipBuild, DUP_Archive->build, DUP_Zip::create, DUP_Package->update, W3TC\DbCache_WpdbNew->query, W3TC\DbCache_WpdbInjection_QueryCaching->query, W3TC\DbCache_WpdbInjection_QueryCaching->_flush_cache_for_sql_group, W3TC\Cache_File->flush, W3TC\Util_File::emptydir, W3TC\Util_File::rmdir, opendir, DUP_Handler::error, DUP_Handler::getMessage
[PHP ERR][WARN] MSG:opendir(C:\xampp\htdocs\rana_seo_wordpressfile/wp-content/cache\db\options\): Failed to open directory: No such file or directory [CODE:2|FILE:C:\xampp\htdocs\rana_seo_wordpressfile\wp-content\plugins\w3-total-cache\Util_File.php|LINE:124]
do_action('wp_ajax_duplicator_package_build'), WP_Hook->do_action, WP_Hook->apply_filters, duplicator_package_build, DUP_Package->runZipBuild, DUP_Archive->build, DUP_Zip::create, DUP_Package->update, W3TC\DbCache_WpdbNew->query, W3TC\DbCache_WpdbInjection_QueryCaching->query, W3TC\DbCache_WpdbInjection_QueryCaching->_flush_cache_for_sql_group, W3TC\Cache_File->flush, W3TC\Util_File::emptydir, W3TC\Util_File::rmdir, opendir, DUP_Handler::error, DUP_Handler::getMessage
[PHP ERR][WARN] MSG:opendir(C:\xampp\htdocs\rana_seo_wordpressfile/wp-content/cache\db\comments\,C:\xampp\htdocs\rana_seo_wordpressfile/wp-content/cache\db\comments\): The system cannot find the file specified (code: 2) [CODE:2|FILE:C:\xampp\htdocs\rana_seo_wordpressfile\wp-content\plugins\w3-total-cache\Util_File.php|LINE:124]
do_action('wp_ajax_duplicator_package_build'), WP_Hook->do_action, WP_Hook->apply_filters, duplicator_package_build, DUP_Package->runZipBuild, DUP_Archive->build, DUP_Zip::create, DUP_Package->update, W3TC\DbCache_WpdbNew->query, W3TC\DbCache_WpdbInjection_QueryCaching->query, W3TC\DbCache_WpdbInjection_QueryCaching->_flush_cache_for_sql_group, W3TC\Cache_File->flush, W3TC\Util_File::emptydir, W3TC\Util_File::rmdir, opendir, DUP_Handler::error, DUP_Handler::getMessage
[PHP ERR][WARN] MSG:opendir(C:\xampp\htdocs\rana_seo_wordpressfile/wp-content/cache\db\comments\): Failed to open directory: No such file or directory [CODE:2|FILE:C:\xampp\htdocs\rana_seo_wordpressfile\wp-content\plugins\w3-total-cache\Util_File.php|LINE:124]
do_action('wp_ajax_duplicator_package_build'), WP_Hook->do_action, WP_Hook->apply_filters, duplicator_package_build, DUP_Package->runZipBuild, DUP_Archive->build, DUP_Zip::create, DUP_Package->update, W3TC\DbCache_WpdbNew->query, W3TC\DbCache_WpdbInjection_QueryCaching->query, W3TC\DbCache_WpdbInjection_QueryCaching->_flush_cache_for_sql_group, W3TC\Cache_File->flush, W3TC\Util_File::emptydir, W3TC\Util_File::rmdir, opendir, DUP_Handler::error, DUP_Handler::getMessage
[PHP ERR][WARN] MSG:opendir(C:\xampp\htdocs\rana_seo_wordpressfile/wp-content/cache\db\options\,C:\xampp\htdocs\rana_seo_wordpressfile/wp-content/cache\db\options\): The system cannot find the file specified (code: 2) [CODE:2|FILE:C:\xampp\htdocs\rana_seo_wordpressfile\wp-content\plugins\w3-total-cache\Util_File.php|LINE:124]
do_action('wp_ajax_duplicator_package_build'), WP_Hook->do_action, WP_Hook->apply_filters, duplicator_package_build, DUP_Package->runZipBuild, DUP_Archive->build, DUP_Zip::create, DUP_Package->update, W3TC\DbCache_WpdbNew->query, W3TC\DbCache_WpdbInjection_QueryCaching->query, W3TC\DbCache_WpdbInjection_QueryCaching->_flush_cache_for_sql_group, W3TC\Cache_File->flush, W3TC\Util_File::emptydir, W3TC\Util_File::rmdir, opendir, DUP_Handler::error, DUP_Handler::getMessage
[PHP ERR][WARN] MSG:opendir(C:\xampp\htdocs\rana_seo_wordpressfile/wp-content/cache\db\options\): Failed to open directory: No such file or directory [CODE:2|FILE:C:\xampp\htdocs\rana_seo_wordpressfile\wp-content\plugins\w3-total-cache\Util_File.php|LINE:124]
do_action('wp_ajax_duplicator_package_build'), WP_Hook->do_action, WP_Hook->apply_filters, duplicator_package_build, DUP_Package->runZipBuild, DUP_Archive->build, DUP_Zip::create, DUP_Package->update, W3TC\DbCache_WpdbNew->query, W3TC\DbCache_WpdbInjection_QueryCaching->query, W3TC\DbCache_WpdbInjection_QueryCaching->_flush_cache_for_sql_group, W3TC\Cache_File->flush, W3TC\Util_File::emptydir, W3TC\Util_File::rmdir, opendir, DUP_Handler::error, DUP_Handler::getMessage
[PHP ERR][WARN] MSG:opendir(C:\xampp\htdocs\rana_seo_wordpressfile/wp-content/cache\db\comments\,C:\xampp\htdocs\rana_seo_wordpressfile/wp-content/cache\db\comments\): The system cannot find the file specified (code: 2) [CODE:2|FILE:C:\xampp\htdocs\rana_seo_wordpressfile\wp-content\plugins\w3-total-cache\Util_File.php|LINE:124]
do_action('wp_ajax_duplicator_package_build'), WP_Hook->do_action, WP_Hook->apply_filters, duplicator_package_build, DUP_Package->runZipBuild, DUP_Archive->build, DUP_Zip::create, DUP_Package->update, W3TC\DbCache_WpdbNew->query, W3TC\DbCache_WpdbInjection_QueryCaching->query, W3TC\DbCache_WpdbInjection_QueryCaching->_flush_cache_for_sql_group, W3TC\Cache_File->flush, W3TC\Util_File::emptydir, W3TC\Util_File::rmdir, opendir, DUP_Handler::error, DUP_Handler::getMessage
[PHP ERR][WARN] MSG:opendir(C:\xampp\htdocs\rana_seo_wordpressfile/wp-content/cache\db\comments\): Failed to open directory: No such file or directory [CODE:2|FILE:C:\xampp\htdocs\rana_seo_wordpressfile\wp-content\plugins\w3-total-cache\Util_File.php|LINE:124]
do_action('wp_ajax_duplicator_package_build'), WP_Hook->do_action, WP_Hook->apply_filters, duplicator_package_build, DUP_Package->runZipBuild, DUP_Archive->build, DUP_Zip::create, DUP_Package->update, W3TC\DbCache_WpdbNew->query, W3TC\DbCache_WpdbInjection_QueryCaching->query, W3TC\DbCache_WpdbInjection_QueryCaching->_flush_cache_for_sql_group, W3TC\Cache_File->flush, W3TC\Util_File::emptydir, W3TC\Util_File::rmdir, opendir, DUP_Handler::error, DUP_Handler::getMessage
[PHP ERR][WARN] MSG:opendir(C:\xampp\htdocs\rana_seo_wordpressfile/wp-content/cache\db\options\,C:\xampp\htdocs\rana_seo_wordpressfile/wp-content/cache\db\options\): The system cannot find the file specified (code: 2) [CODE:2|FILE:C:\xampp\htdocs\rana_seo_wordpressfile\wp-content\plugins\w3-total-cache\Util_File.php|LINE:124]
do_action('wp_ajax_duplicator_package_build'), WP_Hook->do_action, WP_Hook->apply_filters, duplicator_package_build, DUP_Package->runZipBuild, DUP_Archive->build, DUP_Zip::create, DUP_Package->update, W3TC\DbCache_WpdbNew->query, W3TC\DbCache_WpdbInjection_QueryCaching->query, W3TC\DbCache_WpdbInjection_QueryCaching->_flush_cache_for_sql_group, W3TC\Cache_File->flush, W3TC\Util_File::emptydir, W3TC\Util_File::rmdir, opendir, DUP_Handler::error, DUP_Handler::getMessage
[PHP ERR][WARN] MSG:opendir(C:\xampp\htdocs\rana_seo_wordpressfile/wp-content/cache\db\options\): Failed to open directory: No such file or directory [CODE:2|FILE:C:\xampp\htdocs\rana_seo_wordpressfile\wp-content\plugins\w3-total-cache\Util_File.php|LINE:124]
do_action('wp_ajax_duplicator_package_build'), WP_Hook->do_action, WP_Hook->apply_filters, duplicator_package_build, DUP_Package->runZipBuild, DUP_Archive->build, DUP_Zip::create, DUP_Package->update, W3TC\DbCache_WpdbNew->query, W3TC\DbCache_WpdbInjection_QueryCaching->query, W3TC\DbCache_WpdbInjection_QueryCaching->_flush_cache_for_sql_group, W3TC\Cache_File->flush, W3TC\Util_File::emptydir, W3TC\Util_File::rmdir, opendir, DUP_Handler::error, DUP_Handler::getMessage
[PHP ERR][WARN] MSG:opendir(C:\xampp\htdocs\rana_seo_wordpressfile/wp-content/cache\db\comments\,C:\xampp\htdocs\rana_seo_wordpressfile/wp-content/cache\db\comments\): The system cannot find the file specified (code: 2) [CODE:2|FILE:C:\xampp\htdocs\rana_seo_wordpressfile\wp-content\plugins\w3-total-cache\Util_File.php|LINE:124]
do_action('wp_ajax_duplicator_package_build'), WP_Hook->do_action, WP_Hook->apply_filters, duplicator_package_build, DUP_Package->runZipBuild, DUP_Archive->build, DUP_Zip::create, DUP_Package->update, W3TC\DbCache_WpdbNew->query, W3TC\DbCache_WpdbInjection_QueryCaching->query, W3TC\DbCache_WpdbInjection_QueryCaching->_flush_cache_for_sql_group, W3TC\Cache_File->flush, W3TC\Util_File::emptydir, W3TC\Util_File::rmdir, opendir, DUP_Handler::error, DUP_Handler::getMessage
[PHP ERR][WARN] MSG:opendir(C:\xampp\htdocs\rana_seo_wordpressfile/wp-content/cache\db\comments\): Failed to open directory: No such file or directory [CODE:2|FILE:C:\xampp\htdocs\rana_seo_wordpressfile\wp-content\plugins\w3-total-cache\Util_File.php|LINE:124]
do_action('wp_ajax_duplicator_package_build'), WP_Hook->do_action, WP_Hook->apply_filters, duplicator_package_build, DUP_Package->runZipBuild, DUP_Archive->build, DUP_Zip::create, DUP_Package->update, W3TC\DbCache_WpdbNew->query, W3TC\DbCache_WpdbInjection_QueryCaching->query, W3TC\DbCache_WpdbInjection_QueryCaching->_flush_cache_for_sql_group, W3TC\Cache_File->flush, W3TC\Util_File::emptydir, W3TC\Util_File::rmdir, opendir, DUP_Handler::error, DUP_Handler::getMessage
[PHP ERR][WARN] MSG:opendir(C:\xampp\htdocs\rana_seo_wordpressfile/wp-content/cache\db\options\,C:\xampp\htdocs\rana_seo_wordpressfile/wp-content/cache\db\options\): The system cannot find the file specified (code: 2) [CODE:2|FILE:C:\xampp\htdocs\rana_seo_wordpressfile\wp-content\plugins\w3-total-cache\Util_File.php|LINE:124]
do_action('wp_ajax_duplicator_package_build'), WP_Hook->do_action, WP_Hook->apply_filters, duplicator_package_build, DUP_Package->runZipBuild, DUP_Archive->build, DUP_Zip::create, DUP_Package->update, W3TC\DbCache_WpdbNew->query, W3TC\DbCache_WpdbInjection_QueryCaching->query, W3TC\DbCache_WpdbInjection_QueryCaching->_flush_cache_for_sql_group, W3TC\Cache_File->flush, W3TC\Util_File::emptydir, W3TC\Util_File::rmdir, opendir, DUP_Handler::error, DUP_Handler::getMessage
[PHP ERR][WARN] MSG:opendir(C:\xampp\htdocs\rana_seo_wordpressfile/wp-content/cache\db\options\): Failed to open directory: No such file or directory [CODE:2|FILE:C:\xampp\htdocs\rana_seo_wordpressfile\wp-content\plugins\w3-total-cache\Util_File.php|LINE:124]
do_action('wp_ajax_duplicator_package_build'), WP_Hook->do_action, WP_Hook->apply_filters, duplicator_package_build, DUP_Package->runZipBuild, DUP_Archive->build, DUP_Zip::create, DUP_Package->update, W3TC\DbCache_WpdbNew->query, W3TC\DbCache_WpdbInjection_QueryCaching->query, W3TC\DbCache_WpdbInjection_QueryCaching->_flush_cache_for_sql_group, W3TC\Cache_File->flush, W3TC\Util_File::emptydir, W3TC\Util_File::rmdir, opendir, DUP_Handler::error, DUP_Handler::getMessage
[PHP ERR][WARN] MSG:opendir(C:\xampp\htdocs\rana_seo_wordpressfile/wp-content/cache\db\comments\,C:\xampp\htdocs\rana_seo_wordpressfile/wp-content/cache\db\comments\): The system cannot find the file specified (code: 2) [CODE:2|FILE:C:\xampp\htdocs\rana_seo_wordpressfile\wp-content\plugins\w3-total-cache\Util_File.php|LINE:124]
do_action('wp_ajax_duplicator_package_build'), WP_Hook->do_action, WP_Hook->apply_filters, duplicator_package_build, DUP_Package->runZipBuild, DUP_Archive->build, DUP_Zip::create, DUP_Package->update, W3TC\DbCache_WpdbNew->query, W3TC\DbCache_WpdbInjection_QueryCaching->query, W3TC\DbCache_WpdbInjection_QueryCaching->_flush_cache_for_sql_group, W3TC\Cache_File->flush, W3TC\Util_File::emptydir, W3TC\Util_File::rmdir, opendir, DUP_Handler::error, DUP_Handler::getMessage
[PHP ERR][WARN] MSG:opendir(C:\xampp\htdocs\rana_seo_wordpressfile/wp-content/cache\db\comments\): Failed to open directory: No such file or directory [CODE:2|FILE:C:\xampp\htdocs\rana_seo_wordpressfile\wp-content\plugins\w3-total-cache\Util_File.php|LINE:124]
do_action('wp_ajax_duplicator_package_build'), WP_Hook->do_action, WP_Hook->apply_filters, duplicator_package_build, DUP_Package->runZipBuild, DUP_Archive->build, DUP_Zip::create, DUP_Package->update, W3TC\DbCache_WpdbNew->query, W3TC\DbCache_WpdbInjection_QueryCaching->query, W3TC\DbCache_WpdbInjection_QueryCaching->_flush_cache_for_sql_group, W3TC\Cache_File->flush, W3TC\Util_File::emptydir, W3TC\Util_File::rmdir, opendir, DUP_Handler::error, DUP_Handler::getMessage
[PHP ERR][WARN] MSG:opendir(C:\xampp\htdocs\rana_seo_wordpressfile/wp-content/cache\db\options\,C:\xampp\htdocs\rana_seo_wordpressfile/wp-content/cache\db\options\): The system cannot find the file specified (code: 2) [CODE:2|FILE:C:\xampp\htdocs\rana_seo_wordpressfile\wp-content\plugins\w3-total-cache\Util_File.php|LINE:124]
do_action('wp_ajax_duplicator_package_build'), WP_Hook->do_action, WP_Hook->apply_filters, duplicator_package_build, DUP_Package->runZipBuild, DUP_Archive->build, DUP_Zip::create, DUP_Package->update, W3TC\DbCache_WpdbNew->query, W3TC\DbCache_WpdbInjection_QueryCaching->query, W3TC\DbCache_WpdbInjection_QueryCaching->_flush_cache_for_sql_group, W3TC\Cache_File->flush, W3TC\Util_File::emptydir, W3TC\Util_File::rmdir, opendir, DUP_Handler::error, DUP_Handler::getMessage
[PHP ERR][WARN] MSG:opendir(C:\xampp\htdocs\rana_seo_wordpressfile/wp-content/cache\db\options\): Failed to open directory: No such file or directory [CODE:2|FILE:C:\xampp\htdocs\rana_seo_wordpressfile\wp-content\plugins\w3-total-cache\Util_File.php|LINE:124]
do_action('wp_ajax_duplicator_package_build'), WP_Hook->do_action, WP_Hook->apply_filters, duplicator_package_build, DUP_Package->runZipBuild, DUP_Archive->build, DUP_Zip::create, DUP_Package->update, W3TC\DbCache_WpdbNew->query, W3TC\DbCache_WpdbInjection_QueryCaching->query, W3TC\DbCache_WpdbInjection_QueryCaching->_flush_cache_for_sql_group, W3TC\Cache_File->flush, W3TC\Util_File::emptydir, W3TC\Util_File::rmdir, opendir, DUP_Handler::error, DUP_Handler::getMessage
[PHP ERR][WARN] MSG:opendir(C:\xampp\htdocs\rana_seo_wordpressfile/wp-content/cache\db\comments\,C:\xampp\htdocs\rana_seo_wordpressfile/wp-content/cache\db\comments\): The system cannot find the file specified (code: 2) [CODE:2|FILE:C:\xampp\htdocs\rana_seo_wordpressfile\wp-content\plugins\w3-total-cache\Util_File.php|LINE:124]
do_action('wp_ajax_duplicator_package_build'), WP_Hook->do_action, WP_Hook->apply_filters, duplicator_package_build, DUP_Package->runZipBuild, DUP_Archive->build, DUP_Zip::create, DUP_Package->update, W3TC\DbCache_WpdbNew->query, W3TC\DbCache_WpdbInjection_QueryCaching->query, W3TC\DbCache_WpdbInjection_QueryCaching->_flush_cache_for_sql_group, W3TC\Cache_File->flush, W3TC\Util_File::emptydir, W3TC\Util_File::rmdir, opendir, DUP_Handler::error, DUP_Handler::getMessage
[PHP ERR][WARN] MSG:opendir(C:\xampp\htdocs\rana_seo_wordpressfile/wp-content/cache\db\comments\): Failed to open directory: No such file or directory [CODE:2|FILE:C:\xampp\htdocs\rana_seo_wordpressfile\wp-content\plugins\w3-total-cache\Util_File.php|LINE:124]
do_action('wp_ajax_duplicator_package_build'), WP_Hook->do_action, WP_Hook->apply_filters, duplicator_package_build, DUP_Package->runZipBuild, DUP_Archive->build, DUP_Zip::create, DUP_Package->update, W3TC\DbCache_WpdbNew->query, W3TC\DbCache_WpdbInjection_QueryCaching->query, W3TC\DbCache_WpdbInjection_QueryCaching->_flush_cache_for_sql_group, W3TC\Cache_File->flush, W3TC\Util_File::emptydir, W3TC\Util_File::rmdir, opendir, DUP_Handler::error, DUP_Handler::getMessage
[PHP ERR][WARN] MSG:opendir(C:\xampp\htdocs\rana_seo_wordpressfile/wp-content/cache\db\options\,C:\xampp\htdocs\rana_seo_wordpressfile/wp-content/cache\db\options\): The system cannot find the file specified (code: 2) [CODE:2|FILE:C:\xampp\htdocs\rana_seo_wordpressfile\wp-content\plugins\w3-total-cache\Util_File.php|LINE:124]
do_action('wp_ajax_duplicator_package_build'), WP_Hook->do_action, WP_Hook->apply_filters, duplicator_package_build, DUP_Package->runZipBuild, DUP_Archive->build, DUP_Zip::create, DUP_Package->update, W3TC\DbCache_WpdbNew->query, W3TC\DbCache_WpdbInjection_QueryCaching->query, W3TC\DbCache_WpdbInjection_QueryCaching->_flush_cache_for_sql_group, W3TC\Cache_File->flush, W3TC\Util_File::emptydir, W3TC\Util_File::rmdir, opendir, DUP_Handler::error, DUP_Handler::getMessage
[PHP ERR][WARN] MSG:opendir(C:\xampp\htdocs\rana_seo_wordpressfile/wp-content/cache\db\options\): Failed to open directory: No such file or directory [CODE:2|FILE:C:\xampp\htdocs\rana_seo_wordpressfile\wp-content\plugins\w3-total-cache\Util_File.php|LINE:124]
do_action('wp_ajax_duplicator_package_build'), WP_Hook->do_action, WP_Hook->apply_filters, duplicator_package_build, DUP_Package->runZipBuild, DUP_Archive->build, DUP_Zip::create, DUP_Package->update, W3TC\DbCache_WpdbNew->query, W3TC\DbCache_WpdbInjection_QueryCaching->query, W3TC\DbCache_WpdbInjection_QueryCaching->_flush_cache_for_sql_group, W3TC\Cache_File->flush, W3TC\Util_File::emptydir, W3TC\Util_File::rmdir, opendir, DUP_Handler::error, DUP_Handler::getMessage
[PHP ERR][WARN] MSG:opendir(C:\xampp\htdocs\rana_seo_wordpressfile/wp-content/cache\db\comments\,C:\xampp\htdocs\rana_seo_wordpressfile/wp-content/cache\db\comments\): The system cannot find the file specified (code: 2) [CODE:2|FILE:C:\xampp\htdocs\rana_seo_wordpressfile\wp-content\plugins\w3-total-cache\Util_File.php|LINE:124]
do_action('wp_ajax_duplicator_package_build'), WP_Hook->do_action, WP_Hook->apply_filters, duplicator_package_build, DUP_Package->runZipBuild, DUP_Archive->build, DUP_Zip::create, DUP_Package->update, W3TC\DbCache_WpdbNew->query, W3TC\DbCache_WpdbInjection_QueryCaching->query, W3TC\DbCache_WpdbInjection_QueryCaching->_flush_cache_for_sql_group, W3TC\Cache_File->flush, W3TC\Util_File::emptydir, W3TC\Util_File::rmdir, opendir, DUP_Handler::error, DUP_Handler::getMessage
[PHP ERR][WARN] MSG:opendir(C:\xampp\htdocs\rana_seo_wordpressfile/wp-content/cache\db\comments\): Failed to open directory: No such file or directory [CODE:2|FILE:C:\xampp\htdocs\rana_seo_wordpressfile\wp-content\plugins\w3-total-cache\Util_File.php|LINE:124]
do_action('wp_ajax_duplicator_package_build'), WP_Hook->do_action, WP_Hook->apply_filters, duplicator_package_build, DUP_Package->runZipBuild, DUP_Archive->build, DUP_Zip::create, DUP_Package->update, W3TC\DbCache_WpdbNew->query, W3TC\DbCache_WpdbInjection_QueryCaching->query, W3TC\DbCache_WpdbInjection_QueryCaching->_flush_cache_for_sql_group, W3TC\Cache_File->flush, W3TC\Util_File::emptydir, W3TC\Util_File::rmdir, opendir, DUP_Handler::error, DUP_Handler::getMessage
[PHP ERR][WARN] MSG:opendir(C:\xampp\htdocs\rana_seo_wordpressfile/wp-content/cache\db\options\,C:\xampp\htdocs\rana_seo_wordpressfile/wp-content/cache\db\options\): The system cannot find the file specified (code: 2) [CODE:2|FILE:C:\xampp\htdocs\rana_seo_wordpressfile\wp-content\plugins\w3-total-cache\Util_File.php|LINE:124]
do_action('wp_ajax_duplicator_package_build'), WP_Hook->do_action, WP_Hook->apply_filters, duplicator_package_build, DUP_Package->runZipBuild, DUP_Archive->build, DUP_Zip::create, DUP_Package->update, W3TC\DbCache_WpdbNew->query, W3TC\DbCache_WpdbInjection_QueryCaching->query, W3TC\DbCache_WpdbInjection_QueryCaching->_flush_cache_for_sql_group, W3TC\Cache_File->flush, W3TC\Util_File::emptydir, W3TC\Util_File::rmdir, opendir, DUP_Handler::error, DUP_Handler::getMessage
[PHP ERR][WARN] MSG:opendir(C:\xampp\htdocs\rana_seo_wordpressfile/wp-content/cache\db\options\): Failed to open directory: No such file or directory [CODE:2|FILE:C:\xampp\htdocs\rana_seo_wordpressfile\wp-content\plugins\w3-total-cache\Util_File.php|LINE:124]
do_action('wp_ajax_duplicator_package_build'), WP_Hook->do_action, WP_Hook->apply_filters, duplicator_package_build, DUP_Package->runZipBuild, DUP_Archive->build, DUP_Zip::create, DUP_Package->update, W3TC\DbCache_WpdbNew->query, W3TC\DbCache_WpdbInjection_QueryCaching->query, W3TC\DbCache_WpdbInjection_QueryCaching->_flush_cache_for_sql_group, W3TC\Cache_File->flush, W3TC\Util_File::emptydir, W3TC\Util_File::rmdir, opendir, DUP_Handler::error, DUP_Handler::getMessage
[PHP ERR][WARN] MSG:opendir(C:\xampp\htdocs\rana_seo_wordpressfile/wp-content/cache\db\comments\,C:\xampp\htdocs\rana_seo_wordpressfile/wp-content/cache\db\comments\): The system cannot find the file specified (code: 2) [CODE:2|FILE:C:\xampp\htdocs\rana_seo_wordpressfile\wp-content\plugins\w3-total-cache\Util_File.php|LINE:124]
do_action('wp_ajax_duplicator_package_build'), WP_Hook->do_action, WP_Hook->apply_filters, duplicator_package_build, DUP_Package->runZipBuild, DUP_Archive->build, DUP_Zip::create, DUP_Package->update, W3TC\DbCache_WpdbNew->query, W3TC\DbCache_WpdbInjection_QueryCaching->query, W3TC\DbCache_WpdbInjection_QueryCaching->_flush_cache_for_sql_group, W3TC\Cache_File->flush, W3TC\Util_File::emptydir, W3TC\Util_File::rmdir, opendir, DUP_Handler::error, DUP_Handler::getMessage
[PHP ERR][WARN] MSG:opendir(C:\xampp\htdocs\rana_seo_wordpressfile/wp-content/cache\db\comments\): Failed to open directory: No such file or directory [CODE:2|FILE:C:\xampp\htdocs\rana_seo_wordpressfile\wp-content\plugins\w3-total-cache\Util_File.php|LINE:124]
do_action('wp_ajax_duplicator_package_build'), WP_Hook->do_action, WP_Hook->apply_filters, duplicator_package_build, DUP_Package->runZipBuild, DUP_Archive->build, DUP_Zip::create, DUP_Package->update, W3TC\DbCache_WpdbNew->query, W3TC\DbCache_WpdbInjection_QueryCaching->query, W3TC\DbCache_WpdbInjection_QueryCaching->_flush_cache_for_sql_group, W3TC\Cache_File->flush, W3TC\Util_File::emptydir, W3TC\Util_File::rmdir, opendir, DUP_Handler::error, DUP_Handler::getMessage
[PHP ERR][WARN] MSG:opendir(C:\xampp\htdocs\rana_seo_wordpressfile/wp-content/cache\db\options\,C:\xampp\htdocs\rana_seo_wordpressfile/wp-content/cache\db\options\): The system cannot find the file specified (code: 2) [CODE:2|FILE:C:\xampp\htdocs\rana_seo_wordpressfile\wp-content\plugins\w3-total-cache\Util_File.php|LINE:124]
do_action('wp_ajax_duplicator_package_build'), WP_Hook->do_action, WP_Hook->apply_filters, duplicator_package_build, DUP_Package->runZipBuild, DUP_Archive->build, DUP_Zip::create, DUP_Package->update, W3TC\DbCache_WpdbNew->query, W3TC\DbCache_WpdbInjection_QueryCaching->query, W3TC\DbCache_WpdbInjection_QueryCaching->_flush_cache_for_sql_group, W3TC\Cache_File->flush, W3TC\Util_File::emptydir, W3TC\Util_File::rmdir, opendir, DUP_Handler::error, DUP_Handler::getMessage
[PHP ERR][WARN] MSG:opendir(C:\xampp\htdocs\rana_seo_wordpressfile/wp-content/cache\db\options\): Failed to open directory: No such file or directory [CODE:2|FILE:C:\xampp\htdocs\rana_seo_wordpressfile\wp-content\plugins\w3-total-cache\Util_File.php|LINE:124]
do_action('wp_ajax_duplicator_package_build'), WP_Hook->do_action, WP_Hook->apply_filters, duplicator_package_build, DUP_Package->runZipBuild, DUP_Archive->build, DUP_Zip::create, DUP_Package->update, W3TC\DbCache_WpdbNew->query, W3TC\DbCache_WpdbInjection_QueryCaching->query, W3TC\DbCache_WpdbInjection_QueryCaching->_flush_cache_for_sql_group, W3TC\Cache_File->flush, W3TC\Util_File::emptydir, W3TC\Util_File::rmdir, opendir, DUP_Handler::error, DUP_Handler::getMessage
[PHP ERR][WARN] MSG:opendir(C:\xampp\htdocs\rana_seo_wordpressfile/wp-content/cache\db\comments\,C:\xampp\htdocs\rana_seo_wordpressfile/wp-content/cache\db\comments\): The system cannot find the file specified (code: 2) [CODE:2|FILE:C:\xampp\htdocs\rana_seo_wordpressfile\wp-content\plugins\w3-total-cache\Util_File.php|LINE:124]
do_action('wp_ajax_duplicator_package_build'), WP_Hook->do_action, WP_Hook->apply_filters, duplicator_package_build, DUP_Package->runZipBuild, DUP_Archive->build, DUP_Zip::create, DUP_Package->update, W3TC\DbCache_WpdbNew->query, W3TC\DbCache_WpdbInjection_QueryCaching->query, W3TC\DbCache_WpdbInjection_QueryCaching->_flush_cache_for_sql_group, W3TC\Cache_File->flush, W3TC\Util_File::emptydir, W3TC\Util_File::rmdir, opendir, DUP_Handler::error, DUP_Handler::getMessage
[PHP ERR][WARN] MSG:opendir(C:\xampp\htdocs\rana_seo_wordpressfile/wp-content/cache\db\comments\): Failed to open directory: No such file or directory [CODE:2|FILE:C:\xampp\htdocs\rana_seo_wordpressfile\wp-content\plugins\w3-total-cache\Util_File.php|LINE:124]
do_action('wp_ajax_duplicator_package_build'), WP_Hook->do_action, WP_Hook->apply_filters, duplicator_package_build, DUP_Package->runZipBuild, DUP_Archive->build, DUP_Zip::create, DUP_Package->update, W3TC\DbCache_WpdbNew->query, W3TC\DbCache_WpdbInjection_QueryCaching->query, W3TC\DbCache_WpdbInjection_QueryCaching->_flush_cache_for_sql_group, W3TC\Cache_File->flush, W3TC\Util_File::emptydir, W3TC\Util_File::rmdir, opendir, DUP_Handler::error, DUP_Handler::getMessage
[PHP ERR][WARN] MSG:opendir(C:\xampp\htdocs\rana_seo_wordpressfile/wp-content/cache\db\options\,C:\xampp\htdocs\rana_seo_wordpressfile/wp-content/cache\db\options\): The system cannot find the file specified (code: 2) [CODE:2|FILE:C:\xampp\htdocs\rana_seo_wordpressfile\wp-content\plugins\w3-total-cache\Util_File.php|LINE:124]
do_action('wp_ajax_duplicator_package_build'), WP_Hook->do_action, WP_Hook->apply_filters, duplicator_package_build, DUP_Package->runZipBuild, DUP_Archive->build, DUP_Zip::create, DUP_Package->update, W3TC\DbCache_WpdbNew->query, W3TC\DbCache_WpdbInjection_QueryCaching->query, W3TC\DbCache_WpdbInjection_QueryCaching->_flush_cache_for_sql_group, W3TC\Cache_File->flush, W3TC\Util_File::emptydir, W3TC\Util_File::rmdir, opendir, DUP_Handler::error, DUP_Handler::getMessage
[PHP ERR][WARN] MSG:opendir(C:\xampp\htdocs\rana_seo_wordpressfile/wp-content/cache\db\options\): Failed to open directory: No such file or directory [CODE:2|FILE:C:\xampp\htdocs\rana_seo_wordpressfile\wp-content\plugins\w3-total-cache\Util_File.php|LINE:124]
do_action('wp_ajax_duplicator_package_build'), WP_Hook->do_action, WP_Hook->apply_filters, duplicator_package_build, DUP_Package->runZipBuild, DUP_Archive->build, DUP_Zip::create, DUP_Package->update, W3TC\DbCache_WpdbNew->query, W3TC\DbCache_WpdbInjection_QueryCaching->query, W3TC\DbCache_WpdbInjection_QueryCaching->_flush_cache_for_sql_group, W3TC\Cache_File->flush, W3TC\Util_File::emptydir, W3TC\Util_File::rmdir, opendir, DUP_Handler::error, DUP_Handler::getMessage
[PHP ERR][WARN] MSG:opendir(C:\xampp\htdocs\rana_seo_wordpressfile/wp-content/cache\db\comments\,C:\xampp\htdocs\rana_seo_wordpressfile/wp-content/cache\db\comments\): The system cannot find the file specified (code: 2) [CODE:2|FILE:C:\xampp\htdocs\rana_seo_wordpressfile\wp-content\plugins\w3-total-cache\Util_File.php|LINE:124]
do_action('wp_ajax_duplicator_package_build'), WP_Hook->do_action, WP_Hook->apply_filters, duplicator_package_build, DUP_Package->runZipBuild, DUP_Archive->build, DUP_Zip::create, DUP_Package->update, W3TC\DbCache_WpdbNew->query, W3TC\DbCache_WpdbInjection_QueryCaching->query, W3TC\DbCache_WpdbInjection_QueryCaching->_flush_cache_for_sql_group, W3TC\Cache_File->flush, W3TC\Util_File::emptydir, W3TC\Util_File::rmdir, opendir, DUP_Handler::error, DUP_Handler::getMessage
[PHP ERR][WARN] MSG:opendir(C:\xampp\htdocs\rana_seo_wordpressfile/wp-content/cache\db\comments\): Failed to open directory: No such file or directory [CODE:2|FILE:C:\xampp\htdocs\rana_seo_wordpressfile\wp-content\plugins\w3-total-cache\Util_File.php|LINE:124]
do_action('wp_ajax_duplicator_package_build'), WP_Hook->do_action, WP_Hook->apply_filters, duplicator_package_build, DUP_Package->runZipBuild, DUP_Archive->build, DUP_Zip::create, DUP_Package->update, W3TC\DbCache_WpdbNew->query, W3TC\DbCache_WpdbInjection_QueryCaching->query, W3TC\DbCache_WpdbInjection_QueryCaching->_flush_cache_for_sql_group, W3TC\Cache_File->flush, W3TC\Util_File::emptydir, W3TC\Util_File::rmdir, opendir, DUP_Handler::error, DUP_Handler::getMessage
[PHP ERR][WARN] MSG:opendir(C:\xampp\htdocs\rana_seo_wordpressfile/wp-content/cache\db\options\,C:\xampp\htdocs\rana_seo_wordpressfile/wp-content/cache\db\options\): The system cannot find the file specified (code: 2) [CODE:2|FILE:C:\xampp\htdocs\rana_seo_wordpressfile\wp-content\plugins\w3-total-cache\Util_File.php|LINE:124]
do_action('wp_ajax_duplicator_package_build'), WP_Hook->do_action, WP_Hook->apply_filters, duplicator_package_build, DUP_Package->runZipBuild, DUP_Archive->build, DUP_Zip::create, DUP_Package->update, W3TC\DbCache_WpdbNew->query, W3TC\DbCache_WpdbInjection_QueryCaching->query, W3TC\DbCache_WpdbInjection_QueryCaching->_flush_cache_for_sql_group, W3TC\Cache_File->flush, W3TC\Util_File::emptydir, W3TC\Util_File::rmdir, opendir, DUP_Handler::error, DUP_Handler::getMessage
[PHP ERR][WARN] MSG:opendir(C:\xampp\htdocs\rana_seo_wordpressfile/wp-content/cache\db\options\): Failed to open directory: No such file or directory [CODE:2|FILE:C:\xampp\htdocs\rana_seo_wordpressfile\wp-content\plugins\w3-total-cache\Util_File.php|LINE:124]
do_action('wp_ajax_duplicator_package_build'), WP_Hook->do_action, WP_Hook->apply_filters, duplicator_package_build, DUP_Package->runZipBuild, DUP_Archive->build, DUP_Zip::create, DUP_Package->update, W3TC\DbCache_WpdbNew->query, W3TC\DbCache_WpdbInjection_QueryCaching->query, W3TC\DbCache_WpdbInjection_QueryCaching->_flush_cache_for_sql_group, W3TC\Cache_File->flush, W3TC\Util_File::emptydir, W3TC\Util_File::rmdir, opendir, DUP_Handler::error, DUP_Handler::getMessage
[PHP ERR][WARN] MSG:opendir(C:\xampp\htdocs\rana_seo_wordpressfile/wp-content/cache\db\comments\,C:\xampp\htdocs\rana_seo_wordpressfile/wp-content/cache\db\comments\): The system cannot find the file specified (code: 2) [CODE:2|FILE:C:\xampp\htdocs\rana_seo_wordpressfile\wp-content\plugins\w3-total-cache\Util_File.php|LINE:124]
do_action('wp_ajax_duplicator_package_build'), WP_Hook->do_action, WP_Hook->apply_filters, duplicator_package_build, DUP_Package->runZipBuild, DUP_Archive->build, DUP_Zip::create, DUP_Package->update, W3TC\DbCache_WpdbNew->query, W3TC\DbCache_WpdbInjection_QueryCaching->query, W3TC\DbCache_WpdbInjection_QueryCaching->_flush_cache_for_sql_group, W3TC\Cache_File->flush, W3TC\Util_File::emptydir, W3TC\Util_File::rmdir, opendir, DUP_Handler::error, DUP_Handler::getMessage
[PHP ERR][WARN] MSG:opendir(C:\xampp\htdocs\rana_seo_wordpressfile/wp-content/cache\db\comments\): Failed to open directory: No such file or directory [CODE:2|FILE:C:\xampp\htdocs\rana_seo_wordpressfile\wp-content\plugins\w3-total-cache\Util_File.php|LINE:124]
do_action('wp_ajax_duplicator_package_build'), WP_Hook->do_action, WP_Hook->apply_filters, duplicator_package_build, DUP_Package->runZipBuild, DUP_Archive->build, DUP_Zip::create, DUP_Package->update, W3TC\DbCache_WpdbNew->query, W3TC\DbCache_WpdbInjection_QueryCaching->query, W3TC\DbCache_WpdbInjection_QueryCaching->_flush_cache_for_sql_group, W3TC\Cache_File->flush, W3TC\Util_File::emptydir, W3TC\Util_File::rmdir, opendir, DUP_Handler::error, DUP_Handler::getMessage
ZipArchive Object
(
    [lastId] => 9329
    [status] => 0
    [statusSys] => 0
    [numFiles] => 9330
    [filename] => C:\xampp\htdocs\rana_seo_wordpressfile\wp-content\backups-dup-lite\tmp\20210919_airi_06c1c14670eb0e8c1286_20210919151630_archive.zip
    [comment] => 
)

FILE ADDED TO ZIP: 9329
COMPRESSION RESULT: '1'
COMPRESSED SIZE: 41.39MB
ARCHIVE RUNTIME: 114.88 sec.
MEMORY STACK: 8MB
[PHP ERR][WARN] MSG:opendir(C:\xampp\htdocs\rana_seo_wordpressfile/wp-content/cache\db\options\,C:\xampp\htdocs\rana_seo_wordpressfile/wp-content/cache\db\options\): The system cannot find the file specified (code: 2) [CODE:2|FILE:C:\xampp\htdocs\rana_seo_wordpressfile\wp-content\plugins\w3-total-cache\Util_File.php|LINE:124]
do_action('wp_ajax_duplicator_package_build'), WP_Hook->do_action, WP_Hook->apply_filters, duplicator_package_build, DUP_Package->runZipBuild, DUP_Archive->build, DUP_Package->setStatus, DUP_Package->update, W3TC\DbCache_WpdbNew->query, W3TC\DbCache_WpdbInjection_QueryCaching->query, W3TC\DbCache_WpdbInjection_QueryCaching->_flush_cache_for_sql_group, W3TC\Cache_File->flush, W3TC\Util_File::emptydir, W3TC\Util_File::rmdir, opendir, DUP_Handler::error, DUP_Handler::getMessage
[PHP ERR][WARN] MSG:opendir(C:\xampp\htdocs\rana_seo_wordpressfile/wp-content/cache\db\options\): Failed to open directory: No such file or directory [CODE:2|FILE:C:\xampp\htdocs\rana_seo_wordpressfile\wp-content\plugins\w3-total-cache\Util_File.php|LINE:124]
do_action('wp_ajax_duplicator_package_build'), WP_Hook->do_action, WP_Hook->apply_filters, duplicator_package_build, DUP_Package->runZipBuild, DUP_Archive->build, DUP_Package->setStatus, DUP_Package->update, W3TC\DbCache_WpdbNew->query, W3TC\DbCache_WpdbInjection_QueryCaching->query, W3TC\DbCache_WpdbInjection_QueryCaching->_flush_cache_for_sql_group, W3TC\Cache_File->flush, W3TC\Util_File::emptydir, W3TC\Util_File::rmdir, opendir, DUP_Handler::error, DUP_Handler::getMessage
[PHP ERR][WARN] MSG:opendir(C:\xampp\htdocs\rana_seo_wordpressfile/wp-content/cache\db\comments\,C:\xampp\htdocs\rana_seo_wordpressfile/wp-content/cache\db\comments\): The system cannot find the file specified (code: 2) [CODE:2|FILE:C:\xampp\htdocs\rana_seo_wordpressfile\wp-content\plugins\w3-total-cache\Util_File.php|LINE:124]
do_action('wp_ajax_duplicator_package_build'), WP_Hook->do_action, WP_Hook->apply_filters, duplicator_package_build, DUP_Package->runZipBuild, DUP_Archive->build, DUP_Package->setStatus, DUP_Package->update, W3TC\DbCache_WpdbNew->query, W3TC\DbCache_WpdbInjection_QueryCaching->query, W3TC\DbCache_WpdbInjection_QueryCaching->_flush_cache_for_sql_group, W3TC\Cache_File->flush, W3TC\Util_File::emptydir, W3TC\Util_File::rmdir, opendir, DUP_Handler::error, DUP_Handler::getMessage
[PHP ERR][WARN] MSG:opendir(C:\xampp\htdocs\rana_seo_wordpressfile/wp-content/cache\db\comments\): Failed to open directory: No such file or directory [CODE:2|FILE:C:\xampp\htdocs\rana_seo_wordpressfile\wp-content\plugins\w3-total-cache\Util_File.php|LINE:124]
do_action('wp_ajax_duplicator_package_build'), WP_Hook->do_action, WP_Hook->apply_filters, duplicator_package_build, DUP_Package->runZipBuild, DUP_Archive->build, DUP_Package->setStatus, DUP_Package->update, W3TC\DbCache_WpdbNew->query, W3TC\DbCache_WpdbInjection_QueryCaching->query, W3TC\DbCache_WpdbInjection_QueryCaching->_flush_cache_for_sql_group, W3TC\Cache_File->flush, W3TC\Util_File::emptydir, W3TC\Util_File::rmdir, opendir, DUP_Handler::error, DUP_Handler::getMessage
building installer
add_extra_files1
add_extra_files2
add_extra_files3
add_extra_files4
Doing archive file check
add_extra_files5
add_extra_files6
add_extra_files8
Successfully opened zip C:/xampp/htdocs/rana_seo_wordpressfile/wp-content/backups-dup-lite/tmp/20210919_airi_06c1c14670eb0e8c1286_20210919151630_archive.zip
Adding enhanced installer files to archive using ZipArchive
Installer files added to archive
Added to archive
After ziparchive close when adding installer

********************************************************************************
INTEGRITY CHECKS:
********************************************************************************
SQL FILE: 9.85MB
INSTALLER FILE: 64.25KB
ARCHIVE FILE: 42.41MB 
EXPECTED FILE/DIRECTORY COUNT: 9,330
ACTUAL FILE/DIRECTORY COUNT: 9,329
ARCHIVE CONSISTENCY TEST: Pass

********************************************************************************
RECORD ID:[1]
TOTAL PROCESS RUNTIME: 120.06 sec.
PEAK PHP MEMORY USED: 10MB
DONE PROCESSING => 20210919_airi September 19, 2021 3:18 pm

